<?xml version="1.0" encoding="UTF-8"?>
<!-- Generated by org.testng.reporters.JUnitReportReporter -->
<testsuite skipped="0" hostname="DESKTOP-PNFG6ND" name="com.tests.TC001_GetData_Deepalii" tests="1" failures="0" timestamp="2020-04-14T10:45:04 IST" time="3.769" errors="0">
  <testcase name="postreq" time="3.769" classname="com.tests.TC001_GetData_Deepalii"/>
</testsuite> <!-- com.tests.TC001_GetData_Deepalii -->
